0 info it worked if it ends with ok
1 verbose cli [ '/usr/bin/nodejs', '/usr/bin/npm', 'install', 'async.js' ]
2 info using npm@1.3.10
3 info using node@v0.10.25
4 warn package.json node@0.0.0 No repository field.
5 warn package.json coffee-script@1.3.3 bugs['name'] should probably be bugs['url'].
6 warn package.json dateformat@1.0.2-1.2.3 No repository field.
7 verbose readDependencies using package.json deps
8 verbose cache add [ 'async.js', null ]
9 verbose cache add name=undefined spec="async.js" args=["async.js",null]
10 verbose parsed url { protocol: null,
10 verbose parsed url   slashes: null,
10 verbose parsed url   auth: null,
10 verbose parsed url   host: null,
10 verbose parsed url   port: null,
10 verbose parsed url   hostname: null,
10 verbose parsed url   hash: null,
10 verbose parsed url   search: null,
10 verbose parsed url   query: null,
10 verbose parsed url   pathname: 'async.js',
10 verbose parsed url   path: 'async.js',
10 verbose parsed url   href: 'async.js' }
11 silly lockFile ddc18ff5-async-js async.js
12 verbose lock async.js /home/raul/.npm/ddc18ff5-async-js.lock
13 silly lockFile ddc18ff5-async-js async.js
14 silly lockFile ddc18ff5-async-js async.js
15 verbose addNamed [ 'async.js', '' ]
16 verbose addNamed [ null, '*' ]
17 silly lockFile 1a0dff55-async-js async.js@
18 verbose lock async.js@ /home/raul/.npm/1a0dff55-async-js.lock
19 silly addNameRange { name: 'async.js', range: '*', hasData: false }
20 verbose url raw async.js
21 verbose url resolving [ 'https://registry.npmjs.org/', './async.js' ]
22 verbose url resolved https://registry.npmjs.org/async.js
23 info trying registry request attempt 1 at 19:53:37
24 http GET https://registry.npmjs.org/async.js
25 info retry will retry, error on last attempt: Error: tunneling socket could not be established, cause=getaddrinfo ENOTFOUND
26 info trying registry request attempt 2 at 19:53:47
27 http GET https://registry.npmjs.org/async.js
28 info retry will retry, error on last attempt: Error: tunneling socket could not be established, cause=getaddrinfo ENOTFOUND
29 info trying registry request attempt 3 at 19:54:47
30 http GET https://registry.npmjs.org/async.js
31 silly lockFile 1a0dff55-async-js async.js@
32 silly lockFile 1a0dff55-async-js async.js@
33 error network tunneling socket could not be established, cause=getaddrinfo ENOTFOUND
33 error network This is most likely not a problem with npm itself
33 error network and is related to network connectivity.
33 error network In most cases you are behind a proxy or have bad network settings.
33 error network
33 error network If you are behind a proxy, please make sure that the
33 error network 'proxy' config is set properly.  See: 'npm help config'
34 error System Linux 3.13.0-68-generic
35 error command "/usr/bin/nodejs" "/usr/bin/npm" "install" "async.js"
36 error cwd /var/www/html/crazy-grow/app
37 error node -v v0.10.25
38 error npm -v 1.3.10
39 error code ECONNRESET
40 verbose exit [ 1, true ]
